2025-09-24 15:41:20.035 | INFO     | __main__:main:36 - System started
2025-09-24 15:41:20.044 | INFO     | __main__:main:103 - System stopped
2025-09-24 15:41:20.045 | INFO     | __main__:main:104 - Total unique visitors: 0
2025-09-24 15:45:28.486 | INFO     | __main__:main:36 - System started
2025-09-24 15:45:39.638 | SUCCESS  | __main__:main:79 - REGISTERED: new face with ID face_3ca580
2025-09-24 15:45:49.171 | WARNING  | __main__:main:99 - EXIT: face_3ca580
2025-09-24 15:45:49.200 | INFO     | __main__:main:103 - System stopped
2025-09-24 15:45:49.202 | INFO     | __main__:main:104 - Total unique visitors: 1
2025-09-24 15:48:37.839 | INFO     | __main__:main:36 - System started
2025-09-24 15:48:46.588 | INFO     | __main__:main:67 - RE-IDENTIFIED: face_3ca580 as tracker_id 1
2025-09-24 15:48:55.789 | WARNING  | __main__:main:99 - EXIT: face_3ca580
2025-09-24 15:48:55.813 | INFO     | __main__:main:103 - System stopped
2025-09-24 15:48:55.814 | INFO     | __main__:main:104 - Total unique visitors: 1
2025-09-24 20:50:46.812 | INFO     | __main__:main:36 - System started
2025-09-24 20:50:46.821 | INFO     | __main__:main:103 - System stopped
2025-09-24 20:50:46.822 | INFO     | __main__:main:104 - Total unique visitors: 1
2025-09-24 20:52:13.686 | INFO     | __main__:main:36 - System started
2025-09-24 20:52:13.690 | INFO     | __main__:main:103 - System stopped
2025-09-24 20:52:13.692 | INFO     | __main__:main:104 - Total unique visitors: 1
2025-09-24 20:54:20.936 | INFO     | __main__:main:36 - System started
2025-09-24 20:54:30.346 | INFO     | __main__:main:67 - RE-IDENTIFIED: face_3ca580 as tracker_id 1
2025-09-24 20:54:40.391 | WARNING  | __main__:main:99 - EXIT: face_3ca580
2025-09-24 20:54:40.406 | INFO     | __main__:main:103 - System stopped
2025-09-24 20:54:40.408 | INFO     | __main__:main:104 - Total unique visitors: 1
2025-09-24 20:58:37.967 | INFO     | __main__:main:35 - System started
2025-09-24 20:58:46.519 | INFO     | __main__:main:65 - RE-IDENTIFIED: face_3ca580 as tracker_id 1
2025-09-24 20:58:55.626 | WARNING  | __main__:main:98 - EXIT: face_3ca580
2025-09-24 20:58:55.649 | INFO     | __main__:main:102 - System stopped
2025-09-24 20:58:55.651 | INFO     | __main__:main:103 - Total unique visitors: 1
